<?xml version="1.0" encoding="UTF-8"?>
<!-- Generated by org.testng.reporters.JUnitReportReporter -->
<testsuite skipped="0" hostname="Jasvirs-MBP.gateway" name="amazonTest.AmazonTest" tests="1" failures="0" timestamp="24 Aug 2018 12:22:36 GMT" time="39.351" errors="0">
  <testcase name="amazonSearchTest" time="39.351" classname="amazonTest.AmazonTest"/>
</testsuite> <!-- amazonTest.AmazonTest -->
