<?xml version="1.0" encoding="UTF-8"?>
<!-- Generated by org.testng.reporters.JUnitReportReporter -->
<testsuite skipped="0" hostname="Jasvirs-MBP.gateway" name="amazonTest.AmazonTest" tests="1" failures="0" timestamp="24 Aug 2018 12:25:32 GMT" time="38.210" errors="0">
  <testcase name="amazonSearchTest" time="38.210" classname="amazonTest.AmazonTest"/>
</testsuite> <!-- amazonTest.AmazonTest -->
